<?xml version="1.0" encoding="UTF-8"?>
<!-- Generated by org.testng.reporters.JUnitReportReporter -->
<testsuite hostname="DESKTOP-CMECH0U" failures="0" tests="5" name="handsOnProject.NopCommerceStore" time="75.420" errors="0" timestamp="15 Mar 2024 12:26:12 GMT">
  <testcase classname="handsOnProject.NopCommerceStore" name="testClickBooks_Addtocart_ShippingCart" time="12.372"/>
  <testcase classname="handsOnProject.NopCommerceStore" name="testPayment_PlaceOrder" time="34.913"/>
  <testcase classname="handsOnProject.NopCommerceStore" name="testRegister" time="18.640"/>
  <testcase classname="handsOnProject.NopCommerceStore" name="testCheckoutTnC" time="6.742"/>
  <testcase classname="handsOnProject.NopCommerceStore" name="testCheckoutasGuest" time="2.753"/>
</testsuite> <!-- handsOnProject.NopCommerceStore -->
